Trang web ƒë√£ ƒë∆∞·ª£c thi·∫øt k·∫ø l·∫°i ƒë·ªÉ t·ª± ƒë·ªông thu nh·ªè xu·ªëng 65% b·∫±ng c√°ch th√™m m·ªôt `div` v·ªõi `id="page-wrapper"` bao b·ªçc to√†n b·ªô n·ªôi dung ch√≠nh c·ªßa trang v√† √°p d·ª•ng c√°c thu·ªôc t√≠nh CSS `transform: scale(0.65);` v√† `transform-origin: top left;` cho `div` ƒë√≥. ƒêi·ªÅu n√†y ƒë·∫£m b·∫£o r·∫±ng giao di·ªán trang web s·∫Ω hi·ªÉn th·ªã nh∆∞ th·ªÉ ƒëang ·ªü m·ª©c zoom 65% m√† kh√¥ng thay ƒë·ªïi m·ª©c zoom c·ªßa tr√¨nh duy·ªát.

ƒê·ªÉ xem k·∫øt qu·∫£, b·∫°n c√≥ th·ªÉ ch·∫°y ·ª©ng d·ª•ng Spring Boot v√† m·ªü trang ch·ªß.2025-12-13 03:26:31.063 [main] INFO  com.weather.forecast.Application - Starting Application using Java 17.0.17 on DESKTOP-B4U5OFT with PID 22072 (C:\Users\giapt\OneDrive\M·y tÌnh\J2EE_weather\target\classes started by giapt in C:\Users\giapt\OneDrive\M·y tÌnh\J2EE_weather)
2025-12-13 03:26:31.066 [main] INFO  com.weather.forecast.Application - No active profile set, falling back to 1 default profile: "default"
2025-12-13 03:26:31.521 [main] INFO  o.s.d.r.c.RepositoryConfigurationDelegate - Bootstrapping Spring Data JPA repositories in DEFAULT mode.
2025-12-13 03:26:31.569 [main] INFO  o.s.d.r.c.RepositoryConfigurationDelegate - Finished Spring Data repository scanning in 40 ms. Found 2 JPA repository interfaces.
2025-12-13 03:26:32.126 [main] INFO  o.s.b.w.e.tomcat.TomcatWebServer - Tomcat initialized with port(s): 8080 (http)
2025-12-13 03:26:32.139 [main] INFO  o.a.coyote.http11.Http11NioProtocol - Initializing ProtocolHandler ["http-nio-8080"]
2025-12-13 03:26:32.140 [main] INFO  o.a.catalina.core.StandardService - Starting service [Tomcat]
2025-12-13 03:26:32.141 [main] INFO  o.a.catalina.core.StandardEngine - Starting Servlet engine: [Apache Tomcat/9.0.68]
2025-12-13 03:26:32.254 [main] INFO  o.a.c.c.C.[Tomcat].[localhost].[/] - Initializing Spring embedded WebApplicationContext
2025-12-13 03:26:32.255 [main] INFO  o.s.b.w.s.c.ServletWebServerApplicationContext - Root WebApplicationContext: initialization completed in 1147 ms
2025-12-13 03:26:32.409 [main] INFO  o.h.jpa.internal.util.LogHelper - HHH000204: Processing PersistenceUnitInfo [name: default]
2025-12-13 03:26:32.457 [main] INFO  org.hibernate.Version - HHH000412: Hibernate ORM core version 5.6.12.Final
2025-12-13 03:26:32.598 [main] INFO  o.h.annotations.common.Version - HCANN000001: Hibernate Commons Annotations {5.1.2.Final}
2025-12-13 03:26:32.679 [main] INFO  com.zaxxer.hikari.HikariDataSource - HikariPool-1 - Starting...
2025-12-13 03:26:32.853 [main] INFO  com.zaxxer.hikari.HikariDataSource - HikariPool-1 - Start completed.
2025-12-13 03:26:32.875 [main] INFO  org.hibernate.dialect.Dialect - HHH000400: Using dialect: org.hibernate.dialect.PostgreSQLDialect
2025-12-13 03:26:33.432 [main] INFO  o.h.e.t.j.p.i.JtaPlatformInitiator - HHH000490: Using JtaPlatform implementation: [org.hibernate.engine.transaction.jta.platform.internal.NoJtaPlatform]
2025-12-13 03:26:33.439 [main] INFO  o.s.o.j.LocalContainerEntityManagerFactoryBean - Initialized JPA EntityManagerFactory for persistence unit 'default'
2025-12-13 03:26:34.004 [main] WARN  o.s.b.a.o.j.JpaBaseConfiguration$JpaWebConfiguration - spring.jpa.open-in-view is enabled by default. Therefore, database queries may be performed during view rendering. Explicitly configure spring.jpa.open-in-view to disable this warning
2025-12-13 03:26:34.092 [main] INFO  o.s.b.a.w.s.WelcomePageHandlerMapping - Adding welcome page template: index
2025-12-13 03:26:34.227 [main] INFO  o.a.coyote.http11.Http11NioProtocol - Starting ProtocolHandler ["http-nio-8080"]
2025-12-13 03:26:34.241 [main] INFO  o.s.b.w.e.tomcat.TomcatWebServer - Tomcat started on port(s): 8080 (http) with context path ''
2025-12-13 03:26:34.249 [main] INFO  com.weather.forecast.Application - Started Application in 3.589 seconds (JVM running for 3.907)
2025-12-13 03:26:40.373 [http-nio-8080-exec-1] INFO  o.a.tomcat.util.http.parser.Cookie - A cookie header was received [g_state={"i_l":0,"i_ll":1761962380141,"i_b":"Gfn1EG2nyF/Kf52WhZUhGlDs1MljjBhh1r+jKETh+B4","i_t":1762027889487};] that contained an invalid cookie. That cookie will be ignored.
 Note: further occurrences of this error will be logged at DEBUG level.
2025-12-13 03:26:40.379 [http-nio-8080-exec-1] INFO  o.a.c.c.C.[Tomcat].[localhost].[/] - Initializing Spring DispatcherServlet 'dispatcherServlet'
2025-12-13 03:26:40.381 [http-nio-8080-exec-1] INFO  o.s.web.servlet.DispatcherServlet - Initializing Servlet 'dispatcherServlet'
2025-12-13 03:26:40.382 [http-nio-8080-exec-1] INFO  o.s.web.servlet.DispatcherServlet - Completed initialization in 1 ms
2025-12-13 03:26:40.434 [http-nio-8080-exec-1] INFO  c.w.f.controller.WeatherController - Searching for city: H‡ N?i
2025-12-13 03:26:57.601 [http-nio-8080-exec-7] INFO  c.w.f.controller.WeatherController - Searching for city: H? ChÌ Minh
2025-12-13 03:27:06.208 [http-nio-8080-exec-1] INFO  c.w.f.controller.WeatherController - Fetching weather fragment for city: Cao B?ng
2025-12-13 03:27:15.385 [http-nio-8080-exec-9] INFO  c.w.f.controller.WeatherController - User searching for city (POST): BÏnh ??nh
2025-12-13 03:27:19.891 [http-nio-8080-exec-2] INFO  c.w.f.controller.WeatherController - API request for chart data for city: H‡ N?i
2025-12-13 03:28:48.184 [SpringApplicationShutdownHook] INFO  o.s.o.j.LocalContainerEntityManagerFactoryBean - Closing JPA EntityManagerFactory for persistence unit 'default'
2025-12-13 03:28:48.186 [SpringApplicationShutdownHook] INFO  com.zaxxer.hikari.HikariDataSource - HikariPool-1 - Shutdown initiated...
2025-12-13 03:28:48.189 [SpringApplicationShutdownHook] INFO  com.zaxxer.hikari.HikariDataSource - HikariPool-1 - Shutdown completed.
2025-12-13 03:28:57.554 [main] INFO  com.weather.forecast.Application - Starting Application using Java 17.0.17 on DESKTOP-B4U5OFT with PID 17784 (C:\Users\giapt\OneDrive\M·y tÌnh\J2EE_weather\target\classes started by giapt in C:\Users\giapt\OneDrive\M·y tÌnh\J2EE_weather)
2025-12-13 03:28:57.559 [main] INFO  com.weather.forecast.Application - No active profile set, falling back to 1 default profile: "default"
2025-12-13 03:28:58.533 [main] INFO  o.s.d.r.c.RepositoryConfigurationDelegate - Bootstrapping Spring Data JPA repositories in DEFAULT mode.
2025-12-13 03:28:58.631 [main] INFO  o.s.d.r.c.RepositoryConfigurationDelegate - Finished Spring Data repository scanning in 82 ms. Found 2 JPA repository interfaces.
2025-12-13 03:28:59.512 [main] INFO  o.s.b.w.e.tomcat.TomcatWebServer - Tomcat initialized with port(s): 8080 (http)
2025-12-13 03:28:59.522 [main] INFO  o.a.coyote.http11.Http11NioProtocol - Initializing ProtocolHandler ["http-nio-8080"]
2025-12-13 03:28:59.524 [main] INFO  o.a.catalina.core.StandardService - Starting service [Tomcat]
2025-12-13 03:28:59.524 [main] INFO  o.a.catalina.core.StandardEngine - Starting Servlet engine: [Apache Tomcat/9.0.68]
2025-12-13 03:28:59.756 [main] INFO  o.a.c.c.C.[Tomcat].[localhost].[/] - Initializing Spring embedded WebApplicationContext
2025-12-13 03:28:59.757 [main] INFO  o.s.b.w.s.c.ServletWebServerApplicationContext - Root WebApplicationContext: initialization completed in 2128 ms
2025-12-13 03:29:00.030 [main] INFO  o.h.jpa.internal.util.LogHelper - HHH000204: Processing PersistenceUnitInfo [name: default]
2025-12-13 03:29:00.113 [main] INFO  org.hibernate.Version - HHH000412: Hibernate ORM core version 5.6.12.Final
2025-12-13 03:29:00.325 [main] INFO  o.h.annotations.common.Version - HCANN000001: Hibernate Commons Annotations {5.1.2.Final}
2025-12-13 03:29:00.434 [main] INFO  com.zaxxer.hikari.HikariDataSource - HikariPool-1 - Starting...
2025-12-13 03:29:00.712 [main] INFO  com.zaxxer.hikari.HikariDataSource - HikariPool-1 - Start completed.
2025-12-13 03:29:00.758 [main] INFO  org.hibernate.dialect.Dialect - HHH000400: Using dialect: org.hibernate.dialect.PostgreSQLDialect
2025-12-13 03:29:01.550 [main] INFO  o.h.e.t.j.p.i.JtaPlatformInitiator - HHH000490: Using JtaPlatform implementation: [org.hibernate.engine.transaction.jta.platform.internal.NoJtaPlatform]
2025-12-13 03:29:01.560 [main] INFO  o.s.o.j.LocalContainerEntityManagerFactoryBean - Initialized JPA EntityManagerFactory for persistence unit 'default'
2025-12-13 03:29:02.677 [main] WARN  o.s.b.a.o.j.JpaBaseConfiguration$JpaWebConfiguration - spring.jpa.open-in-view is enabled by default. Therefore, database queries may be performed during view rendering. Explicitly configure spring.jpa.open-in-view to disable this warning
2025-12-13 03:29:02.795 [main] INFO  o.s.b.a.w.s.WelcomePageHandlerMapping - Adding welcome page template: index
2025-12-13 03:29:03.069 [main] INFO  o.a.coyote.http11.Http11NioProtocol - Starting ProtocolHandler ["http-nio-8080"]
2025-12-13 03:29:03.087 [main] INFO  o.s.b.w.e.tomcat.TomcatWebServer - Tomcat started on port(s): 8080 (http) with context path ''
2025-12-13 03:29:03.107 [main] INFO  com.weather.forecast.Application - Started Application in 6.159 seconds (JVM running for 6.659)
2025-12-13 03:29:03.332 [http-nio-8080-exec-1] INFO  o.a.tomcat.util.http.parser.Cookie - A cookie header was received [g_state={"i_l":0,"i_ll":1761962380141,"i_b":"Gfn1EG2nyF/Kf52WhZUhGlDs1MljjBhh1r+jKETh+B4","i_t":1762027889487};] that contained an invalid cookie. That cookie will be ignored.
 Note: further occurrences of this error will be logged at DEBUG level.
2025-12-13 03:29:03.339 [http-nio-8080-exec-1] INFO  o.a.c.c.C.[Tomcat].[localhost].[/] - Initializing Spring DispatcherServlet 'dispatcherServlet'
2025-12-13 03:29:03.340 [http-nio-8080-exec-1] INFO  o.s.web.servlet.DispatcherServlet - Initializing Servlet 'dispatcherServlet'
2025-12-13 03:29:03.341 [http-nio-8080-exec-1] INFO  o.s.web.servlet.DispatcherServlet - Completed initialization in 1 ms
2025-12-13 03:29:03.395 [http-nio-8080-exec-1] INFO  c.w.f.controller.WeatherController - Searching for city: H‡ N?i
2025-12-13 03:29:45.580 [SpringApplicationShutdownHook] INFO  o.s.o.j.LocalContainerEntityManagerFactoryBean - Closing JPA EntityManagerFactory for persistence unit 'default'
2025-12-13 03:29:45.582 [SpringApplicationShutdownHook] INFO  com.zaxxer.hikari.HikariDataSource - HikariPool-1 - Shutdown initiated...
2025-12-13 03:29:45.584 [SpringApplicationShutdownHook] INFO  com.zaxxer.hikari.HikariDataSource - HikariPool-1 - Shutdown completed.
2025-12-13 03:29:52.477 [main] INFO  com.weather.forecast.Application - Starting Application using Java 17.0.17 on DESKTOP-B4U5OFT with PID 21684 (C:\Users\giapt\OneDrive\M·y tÌnh\J2EE_weather\target\classes started by giapt in C:\Users\giapt\OneDrive\M·y tÌnh\J2EE_weather)
2025-12-13 03:29:52.481 [main] INFO  com.weather.forecast.Application - No active profile set, falling back to 1 default profile: "default"
2025-12-13 03:29:52.940 [main] INFO  o.s.d.r.c.RepositoryConfigurationDelegate - Bootstrapping Spring Data JPA repositories in DEFAULT mode.
2025-12-13 03:29:52.989 [main] INFO  o.s.d.r.c.RepositoryConfigurationDelegate - Finished Spring Data repository scanning in 42 ms. Found 2 JPA repository interfaces.
2025-12-13 03:29:53.482 [main] INFO  o.s.b.w.e.tomcat.TomcatWebServer - Tomcat initialized with port(s): 8080 (http)
2025-12-13 03:29:53.490 [main] INFO  o.a.coyote.http11.Http11NioProtocol - Initializing ProtocolHandler ["http-nio-8080"]
2025-12-13 03:29:53.491 [main] INFO  o.a.catalina.core.StandardService - Starting service [Tomcat]
2025-12-13 03:29:53.491 [main] INFO  o.a.catalina.core.StandardEngine - Starting Servlet engine: [Apache Tomcat/9.0.68]
2025-12-13 03:29:53.601 [main] INFO  o.a.c.c.C.[Tomcat].[localhost].[/] - Initializing Spring embedded WebApplicationContext
2025-12-13 03:29:53.602 [main] INFO  o.s.b.w.s.c.ServletWebServerApplicationContext - Root WebApplicationContext: initialization completed in 1075 ms
2025-12-13 03:29:53.748 [main] INFO  o.h.jpa.internal.util.LogHelper - HHH000204: Processing PersistenceUnitInfo [name: default]
2025-12-13 03:29:53.783 [main] INFO  org.hibernate.Version - HHH000412: Hibernate ORM core version 5.6.12.Final
2025-12-13 03:29:53.888 [main] INFO  o.h.annotations.common.Version - HCANN000001: Hibernate Commons Annotations {5.1.2.Final}
2025-12-13 03:29:53.957 [main] INFO  com.zaxxer.hikari.HikariDataSource - HikariPool-1 - Starting...
2025-12-13 03:29:54.217 [main] INFO  com.zaxxer.hikari.HikariDataSource - HikariPool-1 - Start completed.
2025-12-13 03:29:54.229 [main] INFO  org.hibernate.dialect.Dialect - HHH000400: Using dialect: org.hibernate.dialect.PostgreSQLDialect
2025-12-13 03:29:54.699 [main] INFO  o.h.e.t.j.p.i.JtaPlatformInitiator - HHH000490: Using JtaPlatform implementation: [org.hibernate.engine.transaction.jta.platform.internal.NoJtaPlatform]
2025-12-13 03:29:54.705 [main] INFO  o.s.o.j.LocalContainerEntityManagerFactoryBean - Initialized JPA EntityManagerFactory for persistence unit 'default'
2025-12-13 03:29:55.158 [main] WARN  o.s.b.a.o.j.JpaBaseConfiguration$JpaWebConfiguration - spring.jpa.open-in-view is enabled by default. Therefore, database queries may be performed during view rendering. Explicitly configure spring.jpa.open-in-view to disable this warning
2025-12-13 03:29:55.245 [main] INFO  o.s.b.a.w.s.WelcomePageHandlerMapping - Adding welcome page template: index
2025-12-13 03:29:55.401 [main] INFO  o.a.coyote.http11.Http11NioProtocol - Starting ProtocolHandler ["http-nio-8080"]
2025-12-13 03:29:55.413 [main] INFO  o.s.b.w.e.tomcat.TomcatWebServer - Tomcat started on port(s): 8080 (http) with context path ''
2025-12-13 03:29:55.428 [main] INFO  com.weather.forecast.Application - Started Application in 3.322 seconds (JVM running for 3.607)
2025-12-13 03:30:06.091 [http-nio-8080-exec-1] INFO  o.a.tomcat.util.http.parser.Cookie - A cookie header was received [g_state={"i_l":0,"i_ll":1761962380141,"i_b":"Gfn1EG2nyF/Kf52WhZUhGlDs1MljjBhh1r+jKETh+B4","i_t":1762027889487};] that contained an invalid cookie. That cookie will be ignored.
 Note: further occurrences of this error will be logged at DEBUG level.
2025-12-13 03:30:06.104 [http-nio-8080-exec-1] INFO  o.a.c.c.C.[Tomcat].[localhost].[/] - Initializing Spring DispatcherServlet 'dispatcherServlet'
2025-12-13 03:30:06.105 [http-nio-8080-exec-1] INFO  o.s.web.servlet.DispatcherServlet - Initializing Servlet 'dispatcherServlet'
2025-12-13 03:30:06.106 [http-nio-8080-exec-1] INFO  o.s.web.servlet.DispatcherServlet - Completed initialization in 1 ms
2025-12-13 03:30:06.156 [http-nio-8080-exec-1] INFO  c.w.f.controller.WeatherController - Searching for city: H‡ N?i
2025-12-13 03:31:23.236 [http-nio-8080-exec-1] INFO  c.w.f.controller.WeatherController - API request for chart data for city: H‡ N?i
2025-12-13 03:33:21.086 [SpringApplicationShutdownHook] INFO  o.s.o.j.LocalContainerEntityManagerFactoryBean - Closing JPA EntityManagerFactory for persistence unit 'default'
2025-12-13 03:33:21.089 [SpringApplicationShutdownHook] INFO  com.zaxxer.hikari.HikariDataSource - HikariPool-1 - Shutdown initiated...
2025-12-13 03:33:21.091 [SpringApplicationShutdownHook] INFO  com.zaxxer.hikari.HikariDataSource - HikariPool-1 - Shutdown completed.
2025-12-13 03:34:57.461 [main] INFO  com.weather.forecast.Application - Starting Application using Java 17.0.17 on DESKTOP-B4U5OFT with PID 16132 (C:\Users\giapt\OneDrive\M·y tÌnh\J2EE_weather\target\classes started by giapt in C:\Users\giapt\OneDrive\M·y tÌnh\J2EE_weather)
2025-12-13 03:34:57.469 [main] INFO  com.weather.forecast.Application - No active profile set, falling back to 1 default profile: "default"
2025-12-13 03:34:58.502 [main] INFO  o.s.d.r.c.RepositoryConfigurationDelegate - Bootstrapping Spring Data JPA repositories in DEFAULT mode.
2025-12-13 03:34:58.594 [main] INFO  o.s.d.r.c.RepositoryConfigurationDelegate - Finished Spring Data repository scanning in 75 ms. Found 2 JPA repository interfaces.
2025-12-13 03:34:59.726 [main] INFO  o.s.b.w.e.tomcat.TomcatWebServer - Tomcat initialized with port(s): 8080 (http)
2025-12-13 03:34:59.746 [main] INFO  o.a.coyote.http11.Http11NioProtocol - Initializing ProtocolHandler ["http-nio-8080"]
2025-12-13 03:34:59.747 [main] INFO  o.a.catalina.core.StandardService - Starting service [Tomcat]
2025-12-13 03:34:59.748 [main] INFO  o.a.catalina.core.StandardEngine - Starting Servlet engine: [Apache Tomcat/9.0.68]
2025-12-13 03:34:59.977 [main] INFO  o.a.c.c.C.[Tomcat].[localhost].[/] - Initializing Spring embedded WebApplicationContext
2025-12-13 03:34:59.978 [main] INFO  o.s.b.w.s.c.ServletWebServerApplicationContext - Root WebApplicationContext: initialization completed in 2397 ms
2025-12-13 03:35:00.256 [main] INFO  o.h.jpa.internal.util.LogHelper - HHH000204: Processing PersistenceUnitInfo [name: default]
2025-12-13 03:35:00.352 [main] INFO  org.hibernate.Version - HHH000412: Hibernate ORM core version 5.6.12.Final
2025-12-13 03:35:00.664 [main] INFO  o.h.annotations.common.Version - HCANN000001: Hibernate Commons Annotations {5.1.2.Final}
2025-12-13 03:35:00.841 [main] INFO  com.zaxxer.hikari.HikariDataSource - HikariPool-1 - Starting...
2025-12-13 03:35:01.074 [main] INFO  com.zaxxer.hikari.HikariDataSource - HikariPool-1 - Start completed.
2025-12-13 03:35:01.118 [main] INFO  org.hibernate.dialect.Dialect - HHH000400: Using dialect: org.hibernate.dialect.PostgreSQLDialect
2025-12-13 03:35:01.978 [main] INFO  o.h.e.t.j.p.i.JtaPlatformInitiator - HHH000490: Using JtaPlatform implementation: [org.hibernate.engine.transaction.jta.platform.internal.NoJtaPlatform]
2025-12-13 03:35:01.992 [main] INFO  o.s.o.j.LocalContainerEntityManagerFactoryBean - Initialized JPA EntityManagerFactory for persistence unit 'default'
2025-12-13 03:35:02.904 [main] WARN  o.s.b.a.o.j.JpaBaseConfiguration$JpaWebConfiguration - spring.jpa.open-in-view is enabled by default. Therefore, database queries may be performed during view rendering. Explicitly configure spring.jpa.open-in-view to disable this warning
2025-12-13 03:35:03.013 [main] INFO  o.s.b.a.w.s.WelcomePageHandlerMapping - Adding welcome page template: index
2025-12-13 03:35:03.320 [main] INFO  o.a.coyote.http11.Http11NioProtocol - Starting ProtocolHandler ["http-nio-8080"]
2025-12-13 03:35:03.337 [main] INFO  o.s.b.w.e.tomcat.TomcatWebServer - Tomcat started on port(s): 8080 (http) with context path ''
2025-12-13 03:35:03.353 [main] INFO  com.weather.forecast.Application - Started Application in 6.613 seconds (JVM running for 7.222)
2025-12-13 03:35:03.589 [http-nio-8080-exec-1] INFO  o.a.tomcat.util.http.parser.Cookie - A cookie header was received [g_state={"i_l":0,"i_ll":1761962380141,"i_b":"Gfn1EG2nyF/Kf52WhZUhGlDs1MljjBhh1r+jKETh+B4","i_t":1762027889487};] that contained an invalid cookie. That cookie will be ignored.
 Note: further occurrences of this error will be logged at DEBUG level.
2025-12-13 03:35:03.600 [http-nio-8080-exec-1] INFO  o.a.c.c.C.[Tomcat].[localhost].[/] - Initializing Spring DispatcherServlet 'dispatcherServlet'
2025-12-13 03:35:03.601 [http-nio-8080-exec-1] INFO  o.s.web.servlet.DispatcherServlet - Initializing Servlet 'dispatcherServlet'
2025-12-13 03:35:03.603 [http-nio-8080-exec-1] INFO  o.s.web.servlet.DispatcherServlet - Completed initialization in 2 ms
2025-12-13 03:35:03.666 [http-nio-8080-exec-1] INFO  c.w.f.controller.WeatherController - Searching for city: H‡ N?i
2025-12-13 03:37:34.539 [SpringApplicationShutdownHook] INFO  o.s.o.j.LocalContainerEntityManagerFactoryBean - Closing JPA EntityManagerFactory for persistence unit 'default'
2025-12-13 03:37:34.541 [SpringApplicationShutdownHook] INFO  com.zaxxer.hikari.HikariDataSource - HikariPool-1 - Shutdown initiated...
2025-12-13 03:37:34.544 [SpringApplicationShutdownHook] INFO  com.zaxxer.hikari.HikariDataSource - HikariPool-1 - Shutdown completed.
2025-12-13 03:38:11.813 [main] INFO  com.weather.forecast.Application - Starting Application using Java 17.0.17 on DESKTOP-B4U5OFT with PID 18372 (C:\Users\giapt\OneDrive\M·y tÌnh\J2EE_weather\target\classes started by giapt in C:\Users\giapt\OneDrive\M·y tÌnh\J2EE_weather)
2025-12-13 03:38:11.817 [main] INFO  com.weather.forecast.Application - No active profile set, falling back to 1 default profile: "default"
2025-12-13 03:38:12.340 [main] INFO  o.s.d.r.c.RepositoryConfigurationDelegate - Bootstrapping Spring Data JPA repositories in DEFAULT mode.
2025-12-13 03:38:12.388 [main] INFO  o.s.d.r.c.RepositoryConfigurationDelegate - Finished Spring Data repository scanning in 38 ms. Found 2 JPA repository interfaces.
2025-12-13 03:38:12.891 [main] INFO  o.s.b.w.e.tomcat.TomcatWebServer - Tomcat initialized with port(s): 8080 (http)
2025-12-13 03:38:12.900 [main] INFO  o.a.coyote.http11.Http11NioProtocol - Initializing ProtocolHandler ["http-nio-8080"]
2025-12-13 03:38:12.900 [main] INFO  o.a.catalina.core.StandardService - Starting service [Tomcat]
2025-12-13 03:38:12.901 [main] INFO  o.a.catalina.core.StandardEngine - Starting Servlet engine: [Apache Tomcat/9.0.68]
2025-12-13 03:38:13.023 [main] INFO  o.a.c.c.C.[Tomcat].[localhost].[/] - Initializing Spring embedded WebApplicationContext
2025-12-13 03:38:13.023 [main] INFO  o.s.b.w.s.c.ServletWebServerApplicationContext - Root WebApplicationContext: initialization completed in 1153 ms
2025-12-13 03:38:13.164 [main] INFO  o.h.jpa.internal.util.LogHelper - HHH000204: Processing PersistenceUnitInfo [name: default]
2025-12-13 03:38:13.196 [main] INFO  org.hibernate.Version - HHH000412: Hibernate ORM core version 5.6.12.Final
2025-12-13 03:38:13.305 [main] INFO  o.h.annotations.common.Version - HCANN000001: Hibernate Commons Annotations {5.1.2.Final}
2025-12-13 03:38:13.372 [main] INFO  com.zaxxer.hikari.HikariDataSource - HikariPool-1 - Starting...
2025-12-13 03:38:13.510 [main] INFO  com.zaxxer.hikari.HikariDataSource - HikariPool-1 - Start completed.
2025-12-13 03:38:13.523 [main] INFO  org.hibernate.dialect.Dialect - HHH000400: Using dialect: org.hibernate.dialect.PostgreSQLDialect
2025-12-13 03:38:13.969 [main] INFO  o.h.e.t.j.p.i.JtaPlatformInitiator - HHH000490: Using JtaPlatform implementation: [org.hibernate.engine.transaction.jta.platform.internal.NoJtaPlatform]
2025-12-13 03:38:13.975 [main] INFO  o.s.o.j.LocalContainerEntityManagerFactoryBean - Initialized JPA EntityManagerFactory for persistence unit 'default'
2025-12-13 03:38:14.434 [main] WARN  o.s.b.a.o.j.JpaBaseConfiguration$JpaWebConfiguration - spring.jpa.open-in-view is enabled by default. Therefore, database queries may be performed during view rendering. Explicitly configure spring.jpa.open-in-view to disable this warning
2025-12-13 03:38:14.515 [main] INFO  o.s.b.a.w.s.WelcomePageHandlerMapping - Adding welcome page template: index
2025-12-13 03:38:14.663 [main] INFO  o.a.coyote.http11.Http11NioProtocol - Starting ProtocolHandler ["http-nio-8080"]
2025-12-13 03:38:14.673 [main] INFO  o.s.b.w.e.tomcat.TomcatWebServer - Tomcat started on port(s): 8080 (http) with context path ''
2025-12-13 03:38:14.683 [main] INFO  com.weather.forecast.Application - Started Application in 3.212 seconds (JVM running for 3.501)
2025-12-13 03:38:16.403 [http-nio-8080-exec-1] INFO  o.a.tomcat.util.http.parser.Cookie - A cookie header was received [g_state={"i_l":0,"i_ll":1761962380141,"i_b":"Gfn1EG2nyF/Kf52WhZUhGlDs1MljjBhh1r+jKETh+B4","i_t":1762027889487};] that contained an invalid cookie. That cookie will be ignored.
 Note: further occurrences of this error will be logged at DEBUG level.
2025-12-13 03:38:16.413 [http-nio-8080-exec-1] INFO  o.a.c.c.C.[Tomcat].[localhost].[/] - Initializing Spring DispatcherServlet 'dispatcherServlet'
2025-12-13 03:38:16.413 [http-nio-8080-exec-1] INFO  o.s.web.servlet.DispatcherServlet - Initializing Servlet 'dispatcherServlet'
2025-12-13 03:38:16.416 [http-nio-8080-exec-1] INFO  o.s.web.servlet.DispatcherServlet - Completed initialization in 1 ms
2025-12-13 03:38:16.482 [http-nio-8080-exec-1] INFO  c.w.f.controller.WeatherController - Searching for city: H‡ N?i
2025-12-13 03:38:35.396 [http-nio-8080-exec-7] INFO  c.w.f.controller.WeatherController - Searching for city: H‡ N?i
2025-12-13 03:39:17.052 [SpringApplicationShutdownHook] INFO  o.s.o.j.LocalContainerEntityManagerFactoryBean - Closing JPA EntityManagerFactory for persistence unit 'default'
2025-12-13 03:39:17.055 [SpringApplicationShutdownHook] INFO  com.zaxxer.hikari.HikariDataSource - HikariPool-1 - Shutdown initiated...
2025-12-13 03:39:17.057 [SpringApplicationShutdownHook] INFO  com.zaxxer.hikari.HikariDataSource - HikariPool-1 - Shutdown completed.
2025-12-13 03:41:51.135 [main] INFO  com.weather.forecast.Application - Starting Application using Java 17.0.17 on DESKTOP-B4U5OFT with PID 1764 (C:\Users\giapt\OneDrive\M·y tÌnh\J2EE_weather\target\classes started by giapt in C:\Users\giapt\OneDrive\M·y tÌnh\J2EE_weather)
2025-12-13 03:41:51.140 [main] INFO  com.weather.forecast.Application - No active profile set, falling back to 1 default profile: "default"
2025-12-13 03:41:52.122 [main] INFO  o.s.d.r.c.RepositoryConfigurationDelegate - Bootstrapping Spring Data JPA repositories in DEFAULT mode.
2025-12-13 03:41:52.241 [main] INFO  o.s.d.r.c.RepositoryConfigurationDelegate - Finished Spring Data repository scanning in 99 ms. Found 2 JPA repository interfaces.
2025-12-13 03:41:53.332 [main] INFO  o.s.b.w.e.tomcat.TomcatWebServer - Tomcat initialized with port(s): 8080 (http)
2025-12-13 03:41:53.361 [main] INFO  o.a.coyote.http11.Http11NioProtocol - Initializing ProtocolHandler ["http-nio-8080"]
2025-12-13 03:41:53.363 [main] INFO  o.a.catalina.core.StandardService - Starting service [Tomcat]
2025-12-13 03:41:53.363 [main] INFO  o.a.catalina.core.StandardEngine - Starting Servlet engine: [Apache Tomcat/9.0.68]
2025-12-13 03:41:53.627 [main] INFO  o.a.c.c.C.[Tomcat].[localhost].[/] - Initializing Spring embedded WebApplicationContext
2025-12-13 03:41:53.627 [main] INFO  o.s.b.w.s.c.ServletWebServerApplicationContext - Root WebApplicationContext: initialization completed in 2413 ms
2025-12-13 03:41:53.922 [main] INFO  o.h.jpa.internal.util.LogHelper - HHH000204: Processing PersistenceUnitInfo [name: default]
2025-12-13 03:41:54.029 [main] INFO  org.hibernate.Version - HHH000412: Hibernate ORM core version 5.6.12.Final
2025-12-13 03:41:54.377 [main] INFO  o.h.annotations.common.Version - HCANN000001: Hibernate Commons Annotations {5.1.2.Final}
2025-12-13 03:41:54.556 [main] INFO  com.zaxxer.hikari.HikariDataSource - HikariPool-1 - Starting...
2025-12-13 03:41:54.916 [main] INFO  com.zaxxer.hikari.HikariDataSource - HikariPool-1 - Start completed.
2025-12-13 03:41:54.967 [main] INFO  org.hibernate.dialect.Dialect - HHH000400: Using dialect: org.hibernate.dialect.PostgreSQLDialect
2025-12-13 03:41:56.010 [main] INFO  o.h.e.t.j.p.i.JtaPlatformInitiator - HHH000490: Using JtaPlatform implementation: [org.hibernate.engine.transaction.jta.platform.internal.NoJtaPlatform]
2025-12-13 03:41:56.027 [main] INFO  o.s.o.j.LocalContainerEntityManagerFactoryBean - Initialized JPA EntityManagerFactory for persistence unit 'default'
2025-12-13 03:41:57.173 [main] WARN  o.s.b.a.o.j.JpaBaseConfiguration$JpaWebConfiguration - spring.jpa.open-in-view is enabled by default. Therefore, database queries may be performed during view rendering. Explicitly configure spring.jpa.open-in-view to disable this warning
2025-12-13 03:41:57.303 [main] INFO  o.s.b.a.w.s.WelcomePageHandlerMapping - Adding welcome page template: index
2025-12-13 03:41:57.629 [main] INFO  o.a.coyote.http11.Http11NioProtocol - Starting ProtocolHandler ["http-nio-8080"]
2025-12-13 03:41:57.655 [main] INFO  o.s.b.w.e.tomcat.TomcatWebServer - Tomcat started on port(s): 8080 (http) with context path ''
2025-12-13 03:41:57.675 [main] INFO  com.weather.forecast.Application - Started Application in 7.444 seconds (JVM running for 8.14)
2025-12-13 03:41:57.818 [http-nio-8080-exec-1] INFO  o.a.tomcat.util.http.parser.Cookie - A cookie header was received [g_state={"i_l":0,"i_ll":1761962380141,"i_b":"Gfn1EG2nyF/Kf52WhZUhGlDs1MljjBhh1r+jKETh+B4","i_t":1762027889487};] that contained an invalid cookie. That cookie will be ignored.
 Note: further occurrences of this error will be logged at DEBUG level.
2025-12-13 03:41:57.827 [http-nio-8080-exec-1] INFO  o.a.c.c.C.[Tomcat].[localhost].[/] - Initializing Spring DispatcherServlet 'dispatcherServlet'
2025-12-13 03:41:57.828 [http-nio-8080-exec-1] INFO  o.s.web.servlet.DispatcherServlet - Initializing Servlet 'dispatcherServlet'
2025-12-13 03:41:57.830 [http-nio-8080-exec-1] INFO  o.s.web.servlet.DispatcherServlet - Completed initialization in 2 ms
2025-12-13 03:41:57.890 [http-nio-8080-exec-1] INFO  c.w.f.controller.WeatherController - Searching for city: H‡ N?i
2025-12-13 03:43:40.282 [SpringApplicationShutdownHook] INFO  o.s.o.j.LocalContainerEntityManagerFactoryBean - Closing JPA EntityManagerFactory for persistence unit 'default'
2025-12-13 03:43:40.283 [SpringApplicationShutdownHook] INFO  com.zaxxer.hikari.HikariDataSource - HikariPool-1 - Shutdown initiated...
2025-12-13 03:43:40.286 [SpringApplicationShutdownHook] INFO  com.zaxxer.hikari.HikariDataSource - HikariPool-1 - Shutdown completed.
2025-12-13 03:44:12.356 [main] INFO  com.weather.forecast.Application - Starting Application using Java 17.0.17 on DESKTOP-B4U5OFT with PID 17000 (C:\Users\giapt\OneDrive\M·y tÌnh\J2EE_weather\target\classes started by giapt in C:\Users\giapt\OneDrive\M·y tÌnh\J2EE_weather)
2025-12-13 03:44:12.362 [main] INFO  com.weather.forecast.Application - No active profile set, falling back to 1 default profile: "default"
2025-12-13 03:44:13.307 [main] INFO  o.s.d.r.c.RepositoryConfigurationDelegate - Bootstrapping Spring Data JPA repositories in DEFAULT mode.
2025-12-13 03:44:13.373 [main] INFO  o.s.d.r.c.RepositoryConfigurationDelegate - Finished Spring Data repository scanning in 55 ms. Found 2 JPA repository interfaces.
2025-12-13 03:44:14.227 [main] INFO  o.s.b.w.e.tomcat.TomcatWebServer - Tomcat initialized with port(s): 8080 (http)
2025-12-13 03:44:14.240 [main] INFO  o.a.coyote.http11.Http11NioProtocol - Initializing ProtocolHandler ["http-nio-8080"]
2025-12-13 03:44:14.241 [main] INFO  o.a.catalina.core.StandardService - Starting service [Tomcat]
2025-12-13 03:44:14.241 [main] INFO  o.a.catalina.core.StandardEngine - Starting Servlet engine: [Apache Tomcat/9.0.68]
2025-12-13 03:44:14.413 [main] INFO  o.a.c.c.C.[Tomcat].[localhost].[/] - Initializing Spring embedded WebApplicationContext
2025-12-13 03:44:14.413 [main] INFO  o.s.b.w.s.c.ServletWebServerApplicationContext - Root WebApplicationContext: initialization completed in 1993 ms
2025-12-13 03:44:14.731 [main] INFO  o.h.jpa.internal.util.LogHelper - HHH000204: Processing PersistenceUnitInfo [name: default]
2025-12-13 03:44:14.811 [main] INFO  org.hibernate.Version - HHH000412: Hibernate ORM core version 5.6.12.Final
2025-12-13 03:44:15.023 [main] INFO  o.h.annotations.common.Version - HCANN000001: Hibernate Commons Annotations {5.1.2.Final}
2025-12-13 03:44:15.127 [main] INFO  com.zaxxer.hikari.HikariDataSource - HikariPool-1 - Starting...
2025-12-13 03:44:15.349 [main] INFO  com.zaxxer.hikari.HikariDataSource - HikariPool-1 - Start completed.
2025-12-13 03:44:15.384 [main] INFO  org.hibernate.dialect.Dialect - HHH000400: Using dialect: org.hibernate.dialect.PostgreSQLDialect
2025-12-13 03:44:16.216 [main] INFO  o.h.e.t.j.p.i.JtaPlatformInitiator - HHH000490: Using JtaPlatform implementation: [org.hibernate.engine.transaction.jta.platform.internal.NoJtaPlatform]
2025-12-13 03:44:16.227 [main] INFO  o.s.o.j.LocalContainerEntityManagerFactoryBean - Initialized JPA EntityManagerFactory for persistence unit 'default'
2025-12-13 03:44:16.982 [main] WARN  o.s.b.a.o.j.JpaBaseConfiguration$JpaWebConfiguration - spring.jpa.open-in-view is enabled by default. Therefore, database queries may be performed during view rendering. Explicitly configure spring.jpa.open-in-view to disable this warning
2025-12-13 03:44:17.099 [main] INFO  o.s.b.a.w.s.WelcomePageHandlerMapping - Adding welcome page template: index
2025-12-13 03:44:17.467 [main] INFO  o.a.coyote.http11.Http11NioProtocol - Starting ProtocolHandler ["http-nio-8080"]
2025-12-13 03:44:17.482 [main] INFO  o.s.b.w.e.tomcat.TomcatWebServer - Tomcat started on port(s): 8080 (http) with context path ''
2025-12-13 03:44:17.502 [main] INFO  com.weather.forecast.Application - Started Application in 5.806 seconds (JVM running for 6.33)
2025-12-13 03:44:19.660 [http-nio-8080-exec-1] INFO  o.a.tomcat.util.http.parser.Cookie - A cookie header was received [g_state={"i_l":0,"i_ll":1761962380141,"i_b":"Gfn1EG2nyF/Kf52WhZUhGlDs1MljjBhh1r+jKETh+B4","i_t":1762027889487};] that contained an invalid cookie. That cookie will be ignored.
 Note: further occurrences of this error will be logged at DEBUG level.
2025-12-13 03:44:19.665 [http-nio-8080-exec-1] INFO  o.a.c.c.C.[Tomcat].[localhost].[/] - Initializing Spring DispatcherServlet 'dispatcherServlet'
2025-12-13 03:44:19.665 [http-nio-8080-exec-1] INFO  o.s.web.servlet.DispatcherServlet - Initializing Servlet 'dispatcherServlet'
2025-12-13 03:44:19.666 [http-nio-8080-exec-1] INFO  o.s.web.servlet.DispatcherServlet - Completed initialization in 1 ms
2025-12-13 03:44:19.704 [http-nio-8080-exec-1] INFO  c.w.f.controller.WeatherController - Searching for city: H‡ N?i
2025-12-13 03:44:41.316 [SpringApplicationShutdownHook] INFO  o.s.o.j.LocalContainerEntityManagerFactoryBean - Closing JPA EntityManagerFactory for persistence unit 'default'
2025-12-13 03:44:41.319 [SpringApplicationShutdownHook] INFO  com.zaxxer.hikari.HikariDataSource - HikariPool-1 - Shutdown initiated...
2025-12-13 03:44:41.321 [SpringApplicationShutdownHook] INFO  com.zaxxer.hikari.HikariDataSource - HikariPool-1 - Shutdown completed.
2025-12-13 03:45:56.608 [main] INFO  com.weather.forecast.Application - Starting Application using Java 17.0.17 on DESKTOP-B4U5OFT with PID 18812 (C:\Users\giapt\OneDrive\M·y tÌnh\J2EE_weather\target\classes started by giapt in C:\Users\giapt\OneDrive\M·y tÌnh\J2EE_weather)
2025-12-13 03:45:56.611 [main] INFO  com.weather.forecast.Application - No active profile set, falling back to 1 default profile: "default"
2025-12-13 03:45:57.092 [main] INFO  o.s.d.r.c.RepositoryConfigurationDelegate - Bootstrapping Spring Data JPA repositories in DEFAULT mode.
2025-12-13 03:45:57.139 [main] INFO  o.s.d.r.c.RepositoryConfigurationDelegate - Finished Spring Data repository scanning in 39 ms. Found 2 JPA repository interfaces.
2025-12-13 03:45:58.032 [main] INFO  o.s.b.w.e.tomcat.TomcatWebServer - Tomcat initialized with port(s): 8080 (http)
2025-12-13 03:45:58.056 [main] INFO  o.a.coyote.http11.Http11NioProtocol - Initializing ProtocolHandler ["http-nio-8080"]
2025-12-13 03:45:58.057 [main] INFO  o.a.catalina.core.StandardService - Starting service [Tomcat]
2025-12-13 03:45:58.058 [main] INFO  o.a.catalina.core.StandardEngine - Starting Servlet engine: [Apache Tomcat/9.0.68]
2025-12-13 03:45:58.310 [main] INFO  o.a.c.c.C.[Tomcat].[localhost].[/] - Initializing Spring embedded WebApplicationContext
2025-12-13 03:45:58.310 [main] INFO  o.s.b.w.s.c.ServletWebServerApplicationContext - Root WebApplicationContext: initialization completed in 1651 ms
2025-12-13 03:45:58.471 [main] INFO  o.h.jpa.internal.util.LogHelper - HHH000204: Processing PersistenceUnitInfo [name: default]
2025-12-13 03:45:58.522 [main] INFO  org.hibernate.Version - HHH000412: Hibernate ORM core version 5.6.12.Final
2025-12-13 03:45:58.663 [main] INFO  o.h.annotations.common.Version - HCANN000001: Hibernate Commons Annotations {5.1.2.Final}
2025-12-13 03:45:58.739 [main] INFO  com.zaxxer.hikari.HikariDataSource - HikariPool-1 - Starting...
2025-12-13 03:45:58.909 [main] INFO  com.zaxxer.hikari.HikariDataSource - HikariPool-1 - Start completed.
2025-12-13 03:45:58.927 [main] INFO  org.hibernate.dialect.Dialect - HHH000400: Using dialect: org.hibernate.dialect.PostgreSQLDialect
2025-12-13 03:45:59.436 [main] INFO  o.h.e.t.j.p.i.JtaPlatformInitiator - HHH000490: Using JtaPlatform implementation: [org.hibernate.engine.transaction.jta.platform.internal.NoJtaPlatform]
2025-12-13 03:45:59.443 [main] INFO  o.s.o.j.LocalContainerEntityManagerFactoryBean - Initialized JPA EntityManagerFactory for persistence unit 'default'
2025-12-13 03:46:00.004 [main] WARN  o.s.b.a.o.j.JpaBaseConfiguration$JpaWebConfiguration - spring.jpa.open-in-view is enabled by default. Therefore, database queries may be performed during view rendering. Explicitly configure spring.jpa.open-in-view to disable this warning
2025-12-13 03:46:00.102 [main] INFO  o.s.b.a.w.s.WelcomePageHandlerMapping - Adding welcome page template: index
2025-12-13 03:46:00.238 [main] INFO  o.a.coyote.http11.Http11NioProtocol - Starting ProtocolHandler ["http-nio-8080"]
2025-12-13 03:46:00.252 [main] INFO  o.s.b.w.e.tomcat.TomcatWebServer - Tomcat started on port(s): 8080 (http) with context path ''
2025-12-13 03:46:00.261 [main] INFO  com.weather.forecast.Application - Started Application in 4.294 seconds (JVM running for 4.991)
2025-12-13 03:46:01.936 [http-nio-8080-exec-1] INFO  o.a.tomcat.util.http.parser.Cookie - A cookie header was received [g_state={"i_l":0,"i_ll":1761962380141,"i_b":"Gfn1EG2nyF/Kf52WhZUhGlDs1MljjBhh1r+jKETh+B4","i_t":1762027889487};] that contained an invalid cookie. That cookie will be ignored.
 Note: further occurrences of this error will be logged at DEBUG level.
2025-12-13 03:46:01.946 [http-nio-8080-exec-1] INFO  o.a.c.c.C.[Tomcat].[localhost].[/] - Initializing Spring DispatcherServlet 'dispatcherServlet'
2025-12-13 03:46:01.946 [http-nio-8080-exec-1] INFO  o.s.web.servlet.DispatcherServlet - Initializing Servlet 'dispatcherServlet'
2025-12-13 03:46:01.947 [http-nio-8080-exec-1] INFO  o.s.web.servlet.DispatcherServlet - Completed initialization in 1 ms
2025-12-13 03:46:02.011 [http-nio-8080-exec-1] INFO  c.w.f.controller.WeatherController - Searching for city: H‡ N?i
2025-12-13 03:47:02.231 [SpringApplicationShutdownHook] INFO  o.s.o.j.LocalContainerEntityManagerFactoryBean - Closing JPA EntityManagerFactory for persistence unit 'default'
2025-12-13 03:47:02.234 [SpringApplicationShutdownHook] INFO  com.zaxxer.hikari.HikariDataSource - HikariPool-1 - Shutdown initiated...
2025-12-13 03:47:02.240 [SpringApplicationShutdownHook] INFO  com.zaxxer.hikari.HikariDataSource - HikariPool-1 - Shutdown completed.
2025-12-13 03:47:42.220 [main] INFO  com.weather.forecast.Application - Starting Application using Java 17.0.17 on DESKTOP-B4U5OFT with PID 6692 (C:\Users\giapt\OneDrive\M·y tÌnh\J2EE_weather\target\classes started by giapt in C:\Users\giapt\OneDrive\M·y tÌnh\J2EE_weather)
2025-12-13 03:47:42.224 [main] INFO  com.weather.forecast.Application - No active profile set, falling back to 1 default profile: "default"
2025-12-13 03:47:42.693 [main] INFO  o.s.d.r.c.RepositoryConfigurationDelegate - Bootstrapping Spring Data JPA repositories in DEFAULT mode.
2025-12-13 03:47:42.743 [main] INFO  o.s.d.r.c.RepositoryConfigurationDelegate - Finished Spring Data repository scanning in 42 ms. Found 2 JPA repository interfaces.
2025-12-13 03:47:43.565 [main] INFO  o.s.b.w.e.tomcat.TomcatWebServer - Tomcat initialized with port(s): 8080 (http)
2025-12-13 03:47:43.590 [main] INFO  o.a.coyote.http11.Http11NioProtocol - Initializing ProtocolHandler ["http-nio-8080"]
2025-12-13 03:47:43.592 [main] INFO  o.a.catalina.core.StandardService - Starting service [Tomcat]
2025-12-13 03:47:43.592 [main] INFO  o.a.catalina.core.StandardEngine - Starting Servlet engine: [Apache Tomcat/9.0.68]
2025-12-13 03:47:43.824 [main] INFO  o.a.c.c.C.[Tomcat].[localhost].[/] - Initializing Spring embedded WebApplicationContext
2025-12-13 03:47:43.825 [main] INFO  o.s.b.w.s.c.ServletWebServerApplicationContext - Root WebApplicationContext: initialization completed in 1556 ms
2025-12-13 03:47:44.161 [main] INFO  o.h.jpa.internal.util.LogHelper - HHH000204: Processing PersistenceUnitInfo [name: default]
2025-12-13 03:47:44.264 [main] INFO  org.hibernate.Version - HHH000412: Hibernate ORM core version 5.6.12.Final
2025-12-13 03:47:44.530 [main] INFO  o.h.annotations.common.Version - HCANN000001: Hibernate Commons Annotations {5.1.2.Final}
2025-12-13 03:47:44.705 [main] INFO  com.zaxxer.hikari.HikariDataSource - HikariPool-1 - Starting...
2025-12-13 03:47:44.977 [main] INFO  com.zaxxer.hikari.HikariDataSource - HikariPool-1 - Start completed.
2025-12-13 03:47:45.025 [main] INFO  org.hibernate.dialect.Dialect - HHH000400: Using dialect: org.hibernate.dialect.PostgreSQLDialect
2025-12-13 03:47:46.363 [main] INFO  o.h.e.t.j.p.i.JtaPlatformInitiator - HHH000490: Using JtaPlatform implementation: [org.hibernate.engine.transaction.jta.platform.internal.NoJtaPlatform]
2025-12-13 03:47:46.378 [main] INFO  o.s.o.j.LocalContainerEntityManagerFactoryBean - Initialized JPA EntityManagerFactory for persistence unit 'default'
2025-12-13 03:47:47.444 [main] WARN  o.s.b.a.o.j.JpaBaseConfiguration$JpaWebConfiguration - spring.jpa.open-in-view is enabled by default. Therefore, database queries may be performed during view rendering. Explicitly configure spring.jpa.open-in-view to disable this warning
2025-12-13 03:47:47.537 [main] INFO  o.s.b.a.w.s.WelcomePageHandlerMapping - Adding welcome page template: index
2025-12-13 03:47:47.852 [main] INFO  o.a.coyote.http11.Http11NioProtocol - Starting ProtocolHandler ["http-nio-8080"]
2025-12-13 03:47:47.869 [main] INFO  o.s.b.w.e.tomcat.TomcatWebServer - Tomcat started on port(s): 8080 (http) with context path ''
2025-12-13 03:47:47.890 [main] INFO  com.weather.forecast.Application - Started Application in 6.076 seconds (JVM running for 6.365)
2025-12-13 03:47:47.946 [http-nio-8080-exec-3] INFO  o.a.tomcat.util.http.parser.Cookie - A cookie header was received [g_state={"i_l":0,"i_ll":1761962380141,"i_b":"Gfn1EG2nyF/Kf52WhZUhGlDs1MljjBhh1r+jKETh+B4","i_t":1762027889487};] that contained an invalid cookie. That cookie will be ignored.
 Note: further occurrences of this error will be logged at DEBUG level.
2025-12-13 03:47:47.953 [http-nio-8080-exec-3] INFO  o.a.c.c.C.[Tomcat].[localhost].[/] - Initializing Spring DispatcherServlet 'dispatcherServlet'
2025-12-13 03:47:47.953 [http-nio-8080-exec-3] INFO  o.s.web.servlet.DispatcherServlet - Initializing Servlet 'dispatcherServlet'
2025-12-13 03:47:47.955 [http-nio-8080-exec-3] INFO  o.s.web.servlet.DispatcherServlet - Completed initialization in 1 ms
2025-12-13 03:47:47.994 [http-nio-8080-exec-3] INFO  c.w.f.controller.WeatherController - Searching for city: H‡ N?i
2025-12-13 03:48:36.925 [SpringApplicationShutdownHook] INFO  o.s.o.j.LocalContainerEntityManagerFactoryBean - Closing JPA EntityManagerFactory for persistence unit 'default'
2025-12-13 03:48:36.927 [SpringApplicationShutdownHook] INFO  com.zaxxer.hikari.HikariDataSource - HikariPool-1 - Shutdown initiated...
2025-12-13 03:48:36.930 [SpringApplicationShutdownHook] INFO  com.zaxxer.hikari.HikariDataSource - HikariPool-1 - Shutdown completed.
2025-12-13 03:48:56.624 [main] INFO  com.weather.forecast.Application - Starting Application using Java 17.0.17 on DESKTOP-B4U5OFT with PID 12608 (C:\Users\giapt\OneDrive\M·y tÌnh\J2EE_weather\target\classes started by giapt in C:\Users\giapt\OneDrive\M·y tÌnh\J2EE_weather)
2025-12-13 03:48:56.631 [main] INFO  com.weather.forecast.Application - No active profile set, falling back to 1 default profile: "default"
2025-12-13 03:48:57.730 [main] INFO  o.s.d.r.c.RepositoryConfigurationDelegate - Bootstrapping Spring Data JPA repositories in DEFAULT mode.
2025-12-13 03:48:57.854 [main] INFO  o.s.d.r.c.RepositoryConfigurationDelegate - Finished Spring Data repository scanning in 104 ms. Found 2 JPA repository interfaces.
2025-12-13 03:48:58.880 [main] INFO  o.s.b.w.e.tomcat.TomcatWebServer - Tomcat initialized with port(s): 8080 (http)
2025-12-13 03:48:58.898 [main] INFO  o.a.coyote.http11.Http11NioProtocol - Initializing ProtocolHandler ["http-nio-8080"]
2025-12-13 03:48:58.899 [main] INFO  o.a.catalina.core.StandardService - Starting service [Tomcat]
2025-12-13 03:48:58.900 [main] INFO  o.a.catalina.core.StandardEngine - Starting Servlet engine: [Apache Tomcat/9.0.68]
2025-12-13 03:48:59.124 [main] INFO  o.a.c.c.C.[Tomcat].[localhost].[/] - Initializing Spring embedded WebApplicationContext
2025-12-13 03:48:59.125 [main] INFO  o.s.b.w.s.c.ServletWebServerApplicationContext - Root WebApplicationContext: initialization completed in 2399 ms
2025-12-13 03:48:59.390 [main] INFO  o.h.jpa.internal.util.LogHelper - HHH000204: Processing PersistenceUnitInfo [name: default]
2025-12-13 03:48:59.468 [main] INFO  org.hibernate.Version - HHH000412: Hibernate ORM core version 5.6.12.Final
2025-12-13 03:48:59.721 [main] INFO  o.h.annotations.common.Version - HCANN000001: Hibernate Commons Annotations {5.1.2.Final}
2025-12-13 03:48:59.875 [main] INFO  com.zaxxer.hikari.HikariDataSource - HikariPool-1 - Starting...
2025-12-13 03:49:00.123 [main] INFO  com.zaxxer.hikari.HikariDataSource - HikariPool-1 - Start completed.
2025-12-13 03:49:00.153 [main] INFO  org.hibernate.dialect.Dialect - HHH000400: Using dialect: org.hibernate.dialect.PostgreSQLDialect
2025-12-13 03:49:00.945 [main] INFO  o.h.e.t.j.p.i.JtaPlatformInitiator - HHH000490: Using JtaPlatform implementation: [org.hibernate.engine.transaction.jta.platform.internal.NoJtaPlatform]
2025-12-13 03:49:00.954 [main] INFO  o.s.o.j.LocalContainerEntityManagerFactoryBean - Initialized JPA EntityManagerFactory for persistence unit 'default'
2025-12-13 03:49:01.626 [main] WARN  o.s.b.a.o.j.JpaBaseConfiguration$JpaWebConfiguration - spring.jpa.open-in-view is enabled by default. Therefore, database queries may be performed during view rendering. Explicitly configure spring.jpa.open-in-view to disable this warning
2025-12-13 03:49:01.718 [main] INFO  o.s.b.a.w.s.WelcomePageHandlerMapping - Adding welcome page template: index
2025-12-13 03:49:02.034 [main] INFO  o.a.coyote.http11.Http11NioProtocol - Starting ProtocolHandler ["http-nio-8080"]
2025-12-13 03:49:02.058 [main] INFO  o.s.b.w.e.tomcat.TomcatWebServer - Tomcat started on port(s): 8080 (http) with context path ''
2025-12-13 03:49:02.072 [main] INFO  com.weather.forecast.Application - Started Application in 6.225 seconds (JVM running for 6.859)
2025-12-13 03:49:02.156 [http-nio-8080-exec-1] INFO  o.a.tomcat.util.http.parser.Cookie - A cookie header was received [g_state={"i_l":0,"i_ll":1761962380141,"i_b":"Gfn1EG2nyF/Kf52WhZUhGlDs1MljjBhh1r+jKETh+B4","i_t":1762027889487};] that contained an invalid cookie. That cookie will be ignored.
 Note: further occurrences of this error will be logged at DEBUG level.
2025-12-13 03:49:02.164 [http-nio-8080-exec-1] INFO  o.a.c.c.C.[Tomcat].[localhost].[/] - Initializing Spring DispatcherServlet 'dispatcherServlet'
2025-12-13 03:49:02.164 [http-nio-8080-exec-1] INFO  o.s.web.servlet.DispatcherServlet - Initializing Servlet 'dispatcherServlet'
2025-12-13 03:49:02.166 [http-nio-8080-exec-1] INFO  o.s.web.servlet.DispatcherServlet - Completed initialization in 2 ms
2025-12-13 03:49:02.215 [http-nio-8080-exec-1] INFO  c.w.f.controller.WeatherController - Searching for city: H‡ N?i
2025-12-13 03:57:28.249 [SpringApplicationShutdownHook] INFO  o.s.o.j.LocalContainerEntityManagerFactoryBean - Closing JPA EntityManagerFactory for persistence unit 'default'
2025-12-13 03:57:28.264 [SpringApplicationShutdownHook] INFO  com.zaxxer.hikari.HikariDataSource - HikariPool-1 - Shutdown initiated...
2025-12-13 03:57:28.282 [SpringApplicationShutdownHook] INFO  com.zaxxer.hikari.HikariDataSource - HikariPool-1 - Shutdown completed.
2025-12-13 03:57:40.037 [main] INFO  com.weather.forecast.Application - Starting Application using Java 17.0.17 on DESKTOP-B4U5OFT with PID 18048 (C:\Users\giapt\OneDrive\M·y tÌnh\J2EE_weather\target\classes started by giapt in C:\Users\giapt\OneDrive\M·y tÌnh\J2EE_weather)
2025-12-13 03:57:40.042 [main] INFO  com.weather.forecast.Application - No active profile set, falling back to 1 default profile: "default"
2025-12-13 03:57:41.101 [main] INFO  o.s.d.r.c.RepositoryConfigurationDelegate - Bootstrapping Spring Data JPA repositories in DEFAULT mode.
2025-12-13 03:57:41.221 [main] INFO  o.s.d.r.c.RepositoryConfigurationDelegate - Finished Spring Data repository scanning in 102 ms. Found 2 JPA repository interfaces.
2025-12-13 03:57:42.126 [main] INFO  o.s.b.w.e.tomcat.TomcatWebServer - Tomcat initialized with port(s): 8080 (http)
2025-12-13 03:57:42.143 [main] INFO  o.a.coyote.http11.Http11NioProtocol - Initializing ProtocolHandler ["http-nio-8080"]
2025-12-13 03:57:42.145 [main] INFO  o.a.catalina.core.StandardService - Starting service [Tomcat]
2025-12-13 03:57:42.146 [main] INFO  o.a.catalina.core.StandardEngine - Starting Servlet engine: [Apache Tomcat/9.0.68]
2025-12-13 03:57:42.418 [main] INFO  o.a.c.c.C.[Tomcat].[localhost].[/] - Initializing Spring embedded WebApplicationContext
2025-12-13 03:57:42.418 [main] INFO  o.s.b.w.s.c.ServletWebServerApplicationContext - Root WebApplicationContext: initialization completed in 2297 ms
2025-12-13 03:57:42.688 [main] INFO  o.h.jpa.internal.util.LogHelper - HHH000204: Processing PersistenceUnitInfo [name: default]
2025-12-13 03:57:42.803 [main] INFO  org.hibernate.Version - HHH000412: Hibernate ORM core version 5.6.12.Final
2025-12-13 03:57:43.016 [main] INFO  o.h.annotations.common.Version - HCANN000001: Hibernate Commons Annotations {5.1.2.Final}
2025-12-13 03:57:43.202 [main] INFO  com.zaxxer.hikari.HikariDataSource - HikariPool-1 - Starting...
2025-12-13 03:57:43.487 [main] INFO  com.zaxxer.hikari.HikariDataSource - HikariPool-1 - Start completed.
2025-12-13 03:57:43.511 [main] INFO  org.hibernate.dialect.Dialect - HHH000400: Using dialect: org.hibernate.dialect.PostgreSQLDialect
2025-12-13 03:57:44.240 [main] INFO  o.h.e.t.j.p.i.JtaPlatformInitiator - HHH000490: Using JtaPlatform implementation: [org.hibernate.engine.transaction.jta.platform.internal.NoJtaPlatform]
2025-12-13 03:57:44.249 [main] INFO  o.s.o.j.LocalContainerEntityManagerFactoryBean - Initialized JPA EntityManagerFactory for persistence unit 'default'
2025-12-13 03:57:45.144 [main] WARN  o.s.b.a.o.j.JpaBaseConfiguration$JpaWebConfiguration - spring.jpa.open-in-view is enabled by default. Therefore, database queries may be performed during view rendering. Explicitly configure spring.jpa.open-in-view to disable this warning
2025-12-13 03:57:45.244 [main] INFO  o.s.b.a.w.s.WelcomePageHandlerMapping - Adding welcome page template: index
2025-12-13 03:57:45.498 [main] INFO  o.a.coyote.http11.Http11NioProtocol - Starting ProtocolHandler ["http-nio-8080"]
2025-12-13 03:57:45.520 [main] INFO  o.s.b.w.e.tomcat.TomcatWebServer - Tomcat started on port(s): 8080 (http) with context path ''
2025-12-13 03:57:45.531 [main] INFO  com.weather.forecast.Application - Started Application in 6.347 seconds (JVM running for 7.108)
2025-12-13 03:57:46.688 [http-nio-8080-exec-1] INFO  o.a.tomcat.util.http.parser.Cookie - A cookie header was received [g_state={"i_l":0,"i_ll":1761962380141,"i_b":"Gfn1EG2nyF/Kf52WhZUhGlDs1MljjBhh1r+jKETh+B4","i_t":1762027889487};] that contained an invalid cookie. That cookie will be ignored.
 Note: further occurrences of this error will be logged at DEBUG level.
2025-12-13 03:57:46.697 [http-nio-8080-exec-1] INFO  o.a.c.c.C.[Tomcat].[localhost].[/] - Initializing Spring DispatcherServlet 'dispatcherServlet'
2025-12-13 03:57:46.698 [http-nio-8080-exec-1] INFO  o.s.web.servlet.DispatcherServlet - Initializing Servlet 'dispatcherServlet'
2025-12-13 03:57:46.699 [http-nio-8080-exec-1] INFO  o.s.web.servlet.DispatcherServlet - Completed initialization in 1 ms
2025-12-13 03:57:46.750 [http-nio-8080-exec-1] INFO  c.w.f.controller.WeatherController - Searching for city: H‡ N?i
2025-12-13 03:58:18.471 [http-nio-8080-exec-7] INFO  c.w.f.controller.WeatherController - Fetching hourly details for city: H‡ N?i on date: 2025-12-14
2025-12-13 03:58:24.695 [http-nio-8080-exec-1] INFO  c.w.f.controller.WeatherController - Searching for city: Ninh Thu?n
2025-12-13 03:58:55.845 [http-nio-8080-exec-4] INFO  c.w.f.controller.WeatherController - Searching for city: BÏnh ??nh
2025-12-14 01:55:57.137 [main] INFO  com.weather.forecast.Application - Starting Application using Java 17.0.17 on DESKTOP-B4U5OFT with PID 24948 (C:\Users\giapt\OneDrive\M·y tÌnh\J2EE_weather\target\classes started by giapt in C:\Users\giapt\OneDrive\M·y tÌnh\J2EE_weather)
2025-12-14 01:55:57.141 [main] INFO  com.weather.forecast.Application - No active profile set, falling back to 1 default profile: "default"
2025-12-14 01:55:57.753 [main] INFO  o.s.d.r.c.RepositoryConfigurationDelegate - Bootstrapping Spring Data JPA repositories in DEFAULT mode.
2025-12-14 01:55:57.821 [main] INFO  o.s.d.r.c.RepositoryConfigurationDelegate - Finished Spring Data repository scanning in 58 ms. Found 2 JPA repository interfaces.
2025-12-14 01:55:58.515 [main] INFO  o.s.b.w.e.tomcat.TomcatWebServer - Tomcat initialized with port(s): 8080 (http)
2025-12-14 01:55:58.538 [main] INFO  o.a.coyote.http11.Http11NioProtocol - Initializing ProtocolHandler ["http-nio-8080"]
2025-12-14 01:55:58.539 [main] INFO  o.a.catalina.core.StandardService - Starting service [Tomcat]
2025-12-14 01:55:58.539 [main] INFO  o.a.catalina.core.StandardEngine - Starting Servlet engine: [Apache Tomcat/9.0.68]
2025-12-14 01:55:58.747 [main] INFO  o.a.c.c.C.[Tomcat].[localhost].[/] - Initializing Spring embedded WebApplicationContext
2025-12-14 01:55:58.748 [main] INFO  o.s.b.w.s.c.ServletWebServerApplicationContext - Root WebApplicationContext: initialization completed in 1542 ms
2025-12-14 01:55:59.061 [main] INFO  o.h.jpa.internal.util.LogHelper - HHH000204: Processing PersistenceUnitInfo [name: default]
2025-12-14 01:55:59.167 [main] INFO  org.hibernate.Version - HHH000412: Hibernate ORM core version 5.6.12.Final
2025-12-14 01:55:59.488 [main] INFO  o.h.annotations.common.Version - HCANN000001: Hibernate Commons Annotations {5.1.2.Final}
2025-12-14 01:55:59.663 [main] INFO  com.zaxxer.hikari.HikariDataSource - HikariPool-1 - Starting...
2025-12-14 01:56:00.199 [main] INFO  com.zaxxer.hikari.HikariDataSource - HikariPool-1 - Start completed.
2025-12-14 01:56:00.233 [main] INFO  org.hibernate.dialect.Dialect - HHH000400: Using dialect: org.hibernate.dialect.PostgreSQLDialect
2025-12-14 01:56:01.414 [main] INFO  o.h.e.t.j.p.i.JtaPlatformInitiator - HHH000490: Using JtaPlatform implementation: [org.hibernate.engine.transaction.jta.platform.internal.NoJtaPlatform]
2025-12-14 01:56:01.426 [main] INFO  o.s.o.j.LocalContainerEntityManagerFactoryBean - Initialized JPA EntityManagerFactory for persistence unit 'default'
2025-12-14 01:56:02.436 [main] WARN  o.s.b.a.o.j.JpaBaseConfiguration$JpaWebConfiguration - spring.jpa.open-in-view is enabled by default. Therefore, database queries may be performed during view rendering. Explicitly configure spring.jpa.open-in-view to disable this warning
2025-12-14 01:56:02.572 [main] INFO  o.s.b.a.w.s.WelcomePageHandlerMapping - Adding welcome page template: index
2025-12-14 01:56:02.872 [main] INFO  o.a.coyote.http11.Http11NioProtocol - Starting ProtocolHandler ["http-nio-8080"]
2025-12-14 01:56:02.890 [main] INFO  o.s.b.w.e.tomcat.TomcatWebServer - Tomcat started on port(s): 8080 (http) with context path ''
2025-12-14 01:56:02.906 [main] INFO  com.weather.forecast.Application - Started Application in 6.263 seconds (JVM running for 6.696)
2025-12-14 01:56:03.126 [http-nio-8080-exec-1] INFO  o.a.tomcat.util.http.parser.Cookie - A cookie header was received [g_state={"i_l":0,"i_ll":1761962380141,"i_b":"Gfn1EG2nyF/Kf52WhZUhGlDs1MljjBhh1r+jKETh+B4","i_t":1762027889487}] that contained an invalid cookie. That cookie will be ignored.
 Note: further occurrences of this error will be logged at DEBUG level.
2025-12-14 01:56:03.141 [http-nio-8080-exec-1] INFO  o.a.c.c.C.[Tomcat].[localhost].[/] - Initializing Spring DispatcherServlet 'dispatcherServlet'
2025-12-14 01:56:03.142 [http-nio-8080-exec-1] INFO  o.s.web.servlet.DispatcherServlet - Initializing Servlet 'dispatcherServlet'
2025-12-14 01:56:03.144 [http-nio-8080-exec-1] INFO  o.s.web.servlet.DispatcherServlet - Completed initialization in 2 ms
2025-12-14 01:56:03.203 [http-nio-8080-exec-1] INFO  c.w.f.controller.WeatherController - Searching for city: H‡ N?i
2025-12-14 01:56:45.904 [http-nio-8080-exec-2] INFO  c.w.f.controller.WeatherController - API request for chart data for city: H‡ N?i
2025-12-14 01:56:55.910 [http-nio-8080-exec-3] INFO  c.w.f.controller.WeatherController - Fetching lunar dates for month: 12/2025
2025-12-14 01:57:04.298 [http-nio-8080-exec-8] INFO  c.w.f.controller.WeatherController - Searching for city: H‡ N?i
2025-12-14 01:57:15.707 [http-nio-8080-exec-5] INFO  c.w.f.controller.WeatherController - Fetching hourly details for city: H‡ N?i on date: 2025-12-15
2025-12-15 14:50:18.747 [main] INFO  com.weather.forecast.Application - Starting Application using Java 17.0.17 on DESKTOP-B4U5OFT with PID 18972 (C:\Users\giapt\OneDrive\M·y tÌnh\J2EE_weather\target\classes started by giapt in C:\Users\giapt\OneDrive\M·y tÌnh\J2EE_weather)
2025-12-15 14:50:18.760 [main] INFO  com.weather.forecast.Application - No active profile set, falling back to 1 default profile: "default"
2025-12-15 14:50:20.998 [main] INFO  o.s.d.r.c.RepositoryConfigurationDelegate - Bootstrapping Spring Data JPA repositories in DEFAULT mode.
2025-12-15 14:50:21.206 [main] INFO  o.s.d.r.c.RepositoryConfigurationDelegate - Finished Spring Data repository scanning in 172 ms. Found 2 JPA repository interfaces.
2025-12-15 14:50:23.532 [main] INFO  o.s.b.w.e.tomcat.TomcatWebServer - Tomcat initialized with port(s): 8080 (http)
2025-12-15 14:50:23.584 [main] INFO  o.a.coyote.http11.Http11NioProtocol - Initializing ProtocolHandler ["http-nio-8080"]
2025-12-15 14:50:23.587 [main] INFO  o.a.catalina.core.StandardService - Starting service [Tomcat]
2025-12-15 14:50:23.590 [main] INFO  o.a.catalina.core.StandardEngine - Starting Servlet engine: [Apache Tomcat/9.0.68]
2025-12-15 14:50:24.074 [main] INFO  o.a.c.c.C.[Tomcat].[localhost].[/] - Initializing Spring embedded WebApplicationContext
2025-12-15 14:50:24.084 [main] INFO  o.s.b.w.s.c.ServletWebServerApplicationContext - Root WebApplicationContext: initialization completed in 5086 ms
2025-12-15 14:50:24.747 [main] INFO  o.h.jpa.internal.util.LogHelper - HHH000204: Processing PersistenceUnitInfo [name: default]
2025-12-15 14:50:24.933 [main] INFO  org.hibernate.Version - HHH000412: Hibernate ORM core version 5.6.12.Final
2025-12-15 14:50:25.572 [main] INFO  o.h.annotations.common.Version - HCANN000001: Hibernate Commons Annotations {5.1.2.Final}
2025-12-15 14:50:25.930 [main] INFO  com.zaxxer.hikari.HikariDataSource - HikariPool-1 - Starting...
2025-12-15 14:50:27.137 [main] INFO  com.zaxxer.hikari.HikariDataSource - HikariPool-1 - Start completed.
2025-12-15 14:50:27.216 [main] INFO  org.hibernate.dialect.Dialect - HHH000400: Using dialect: org.hibernate.dialect.PostgreSQLDialect
2025-12-15 14:50:29.480 [main] INFO  o.h.e.t.j.p.i.JtaPlatformInitiator - HHH000490: Using JtaPlatform implementation: [org.hibernate.engine.transaction.jta.platform.internal.NoJtaPlatform]
2025-12-15 14:50:29.493 [main] INFO  o.s.o.j.LocalContainerEntityManagerFactoryBean - Initialized JPA EntityManagerFactory for persistence unit 'default'
2025-12-15 14:50:30.828 [main] WARN  o.s.b.a.o.j.JpaBaseConfiguration$JpaWebConfiguration - spring.jpa.open-in-view is enabled by default. Therefore, database queries may be performed during view rendering. Explicitly configure spring.jpa.open-in-view to disable this warning
2025-12-15 14:50:30.986 [main] INFO  o.s.b.a.w.s.WelcomePageHandlerMapping - Adding welcome page template: index
2025-12-15 14:50:31.304 [main] INFO  o.a.coyote.http11.Http11NioProtocol - Starting ProtocolHandler ["http-nio-8080"]
2025-12-15 14:50:31.337 [main] INFO  o.s.b.w.e.tomcat.TomcatWebServer - Tomcat started on port(s): 8080 (http) with context path ''
2025-12-15 14:50:31.370 [main] INFO  com.weather.forecast.Application - Started Application in 14.376 seconds (JVM running for 16.293)
2025-12-15 14:50:31.473 [http-nio-8080-exec-1] INFO  o.a.tomcat.util.http.parser.Cookie - A cookie header was received [g_state={"i_l":0,"i_ll":1761962380141,"i_b":"Gfn1EG2nyF/Kf52WhZUhGlDs1MljjBhh1r+jKETh+B4","i_t":1762027889487}] that contained an invalid cookie. That cookie will be ignored.
 Note: further occurrences of this error will be logged at DEBUG level.
2025-12-15 14:50:31.489 [http-nio-8080-exec-1] INFO  o.a.c.c.C.[Tomcat].[localhost].[/] - Initializing Spring DispatcherServlet 'dispatcherServlet'
2025-12-15 14:50:31.493 [http-nio-8080-exec-1] INFO  o.s.web.servlet.DispatcherServlet - Initializing Servlet 'dispatcherServlet'
2025-12-15 14:50:31.498 [http-nio-8080-exec-1] INFO  o.s.web.servlet.DispatcherServlet - Completed initialization in 1 ms
2025-12-15 14:50:31.565 [http-nio-8080-exec-1] INFO  c.w.f.controller.WeatherController - Searching for city: H‡ N?i
2025-12-15 14:50:55.740 [http-nio-8080-exec-4] INFO  c.w.f.controller.WeatherController - Searching for city: H‡ N?i
2025-12-15 15:02:23.456 [main] INFO  com.weather.forecast.Application - Starting Application using Java 17.0.17 on DESKTOP-B4U5OFT with PID 19512 (C:\Users\giapt\OneDrive\M·y tÌnh\J2EE_weather\target\classes started by giapt in C:\Users\giapt\OneDrive\M·y tÌnh\J2EE_weather)
2025-12-15 15:02:23.461 [main] INFO  com.weather.forecast.Application - No active profile set, falling back to 1 default profile: "default"
2025-12-15 15:02:24.541 [main] INFO  o.s.d.r.c.RepositoryConfigurationDelegate - Bootstrapping Spring Data JPA repositories in DEFAULT mode.
2025-12-15 15:02:24.670 [main] INFO  o.s.d.r.c.RepositoryConfigurationDelegate - Finished Spring Data repository scanning in 107 ms. Found 2 JPA repository interfaces.
2025-12-15 15:02:31.328 [main] INFO  o.s.b.w.e.tomcat.TomcatWebServer - Tomcat initialized with port(s): 8080 (http)
2025-12-15 15:02:31.431 [main] INFO  o.a.coyote.http11.Http11NioProtocol - Initializing ProtocolHandler ["http-nio-8080"]
2025-12-15 15:02:31.433 [main] INFO  o.a.catalina.core.StandardService - Starting service [Tomcat]
2025-12-15 15:02:31.435 [main] INFO  o.a.catalina.core.StandardEngine - Starting Servlet engine: [Apache Tomcat/9.0.68]
2025-12-15 15:02:31.952 [main] INFO  o.a.c.c.C.[Tomcat].[localhost].[/] - Initializing Spring embedded WebApplicationContext
2025-12-15 15:02:31.953 [main] INFO  o.s.b.w.s.c.ServletWebServerApplicationContext - Root WebApplicationContext: initialization completed in 8385 ms
2025-12-15 15:02:32.645 [main] INFO  o.h.jpa.internal.util.LogHelper - HHH000204: Processing PersistenceUnitInfo [name: default]
2025-12-15 15:02:32.868 [main] INFO  org.hibernate.Version - HHH000412: Hibernate ORM core version 5.6.12.Final
2025-12-15 15:02:33.215 [main] INFO  o.h.annotations.common.Version - HCANN000001: Hibernate Commons Annotations {5.1.2.Final}
2025-12-15 15:02:33.421 [main] INFO  com.zaxxer.hikari.HikariDataSource - HikariPool-1 - Starting...
2025-12-15 15:02:34.004 [main] INFO  com.zaxxer.hikari.HikariDataSource - HikariPool-1 - Start completed.
2025-12-15 15:02:34.104 [main] INFO  org.hibernate.dialect.Dialect - HHH000400: Using dialect: org.hibernate.dialect.PostgreSQLDialect
2025-12-15 15:02:36.743 [main] INFO  o.h.e.t.j.p.i.JtaPlatformInitiator - HHH000490: Using JtaPlatform implementation: [org.hibernate.engine.transaction.jta.platform.internal.NoJtaPlatform]
2025-12-15 15:02:36.767 [main] INFO  o.s.o.j.LocalContainerEntityManagerFactoryBean - Initialized JPA EntityManagerFactory for persistence unit 'default'
2025-12-15 15:02:38.991 [main] WARN  o.s.b.a.o.j.JpaBaseConfiguration$JpaWebConfiguration - spring.jpa.open-in-view is enabled by default. Therefore, database queries may be performed during view rendering. Explicitly configure spring.jpa.open-in-view to disable this warning
2025-12-15 15:02:39.298 [main] INFO  o.s.b.a.w.s.WelcomePageHandlerMapping - Adding welcome page template: index
2025-12-15 15:02:39.961 [main] INFO  o.a.coyote.http11.Http11NioProtocol - Starting ProtocolHandler ["http-nio-8080"]
2025-12-15 15:02:39.991 [main] INFO  o.s.b.w.e.tomcat.TomcatWebServer - Tomcat started on port(s): 8080 (http) with context path ''
2025-12-15 15:02:40.022 [main] INFO  com.weather.forecast.Application - Started Application in 17.444 seconds (JVM running for 18.344)
2025-12-15 15:02:40.141 [http-nio-8080-exec-1] INFO  o.a.tomcat.util.http.parser.Cookie - A cookie header was received [g_state={"i_l":0,"i_ll":1761962380141,"i_b":"Gfn1EG2nyF/Kf52WhZUhGlDs1MljjBhh1r+jKETh+B4","i_t":1762027889487}] that contained an invalid cookie. That cookie will be ignored.
 Note: further occurrences of this error will be logged at DEBUG level.
2025-12-15 15:02:40.151 [http-nio-8080-exec-1] INFO  o.a.c.c.C.[Tomcat].[localhost].[/] - Initializing Spring DispatcherServlet 'dispatcherServlet'
2025-12-15 15:02:40.152 [http-nio-8080-exec-1] INFO  o.s.web.servlet.DispatcherServlet - Initializing Servlet 'dispatcherServlet'
2025-12-15 15:02:40.154 [http-nio-8080-exec-1] INFO  o.s.web.servlet.DispatcherServlet - Completed initialization in 2 ms
2025-12-15 15:02:40.223 [http-nio-8080-exec-1] INFO  c.w.f.controller.WeatherController - Searching for city: H‡ N?i
2025-12-15 15:03:25.447 [http-nio-8080-exec-4] INFO  c.w.f.controller.WeatherController - Searching for city: H‡ N?i
2025-12-15 15:05:17.741 [http-nio-8080-exec-1] INFO  c.w.f.controller.WeatherController - Fetching weather fragment for city: H? ChÌ Minh
2025-12-15 15:06:17.412 [http-nio-8080-exec-9] INFO  c.w.f.controller.WeatherController - Fetching hourly details for city: H? ChÌ Minh on date: 2025-12-15
2025-12-15 15:07:07.310 [http-nio-8080-exec-8] INFO  c.w.f.controller.WeatherController - Searching for city: H‡ N?i
2025-12-15 15:07:24.796 [http-nio-8080-exec-10] INFO  c.w.f.controller.WeatherController - Searching for city: H‡ N?i
2025-12-15 15:10:06.265 [main] INFO  com.weather.forecast.Application - Starting Application using Java 17.0.17 on DESKTOP-B4U5OFT with PID 11820 (C:\Users\giapt\OneDrive\M·y tÌnh\J2EE_weather\target\classes started by giapt in C:\Users\giapt\OneDrive\M·y tÌnh\J2EE_weather)
2025-12-15 15:10:06.273 [main] INFO  com.weather.forecast.Application - No active profile set, falling back to 1 default profile: "default"
2025-12-15 15:10:07.285 [main] INFO  o.s.d.r.c.RepositoryConfigurationDelegate - Bootstrapping Spring Data JPA repositories in DEFAULT mode.
2025-12-15 15:10:07.379 [main] INFO  o.s.d.r.c.RepositoryConfigurationDelegate - Finished Spring Data repository scanning in 81 ms. Found 2 JPA repository interfaces.
2025-12-15 15:10:08.307 [main] INFO  o.s.b.w.e.tomcat.TomcatWebServer - Tomcat initialized with port(s): 8080 (http)
2025-12-15 15:10:08.326 [main] INFO  o.a.coyote.http11.Http11NioProtocol - Initializing ProtocolHandler ["http-nio-8080"]
2025-12-15 15:10:08.328 [main] INFO  o.a.catalina.core.StandardService - Starting service [Tomcat]
2025-12-15 15:10:08.329 [main] INFO  o.a.catalina.core.StandardEngine - Starting Servlet engine: [Apache Tomcat/9.0.68]
2025-12-15 15:10:08.591 [main] INFO  o.a.c.c.C.[Tomcat].[localhost].[/] - Initializing Spring embedded WebApplicationContext
2025-12-15 15:10:08.592 [main] INFO  o.s.b.w.s.c.ServletWebServerApplicationContext - Root WebApplicationContext: initialization completed in 2209 ms
2025-12-15 15:10:08.875 [main] INFO  o.h.jpa.internal.util.LogHelper - HHH000204: Processing PersistenceUnitInfo [name: default]
2025-12-15 15:10:08.953 [main] INFO  org.hibernate.Version - HHH000412: Hibernate ORM core version 5.6.12.Final
2025-12-15 15:10:09.242 [main] INFO  o.h.annotations.common.Version - HCANN000001: Hibernate Commons Annotations {5.1.2.Final}
2025-12-15 15:10:09.373 [main] INFO  com.zaxxer.hikari.HikariDataSource - HikariPool-1 - Starting...
2025-12-15 15:10:09.758 [main] INFO  com.zaxxer.hikari.HikariDataSource - HikariPool-1 - Start completed.
2025-12-15 15:10:09.797 [main] INFO  org.hibernate.dialect.Dialect - HHH000400: Using dialect: org.hibernate.dialect.PostgreSQLDialect
2025-12-15 15:10:10.870 [main] INFO  o.h.e.t.j.p.i.JtaPlatformInitiator - HHH000490: Using JtaPlatform implementation: [org.hibernate.engine.transaction.jta.platform.internal.NoJtaPlatform]
2025-12-15 15:10:10.891 [main] INFO  o.s.o.j.LocalContainerEntityManagerFactoryBean - Initialized JPA EntityManagerFactory for persistence unit 'default'
2025-12-15 15:10:11.976 [main] WARN  o.s.b.a.o.j.JpaBaseConfiguration$JpaWebConfiguration - spring.jpa.open-in-view is enabled by default. Therefore, database queries may be performed during view rendering. Explicitly configure spring.jpa.open-in-view to disable this warning
2025-12-15 15:10:12.144 [main] INFO  o.s.b.a.w.s.WelcomePageHandlerMapping - Adding welcome page template: index
2025-12-15 15:10:12.440 [main] INFO  o.a.coyote.http11.Http11NioProtocol - Starting ProtocolHandler ["http-nio-8080"]
2025-12-15 15:10:12.470 [main] INFO  o.s.b.w.e.tomcat.TomcatWebServer - Tomcat started on port(s): 8080 (http) with context path ''
2025-12-15 15:10:12.496 [main] INFO  com.weather.forecast.Application - Started Application in 7.072 seconds (JVM running for 7.782)
2025-12-15 15:10:31.133 [http-nio-8080-exec-1] INFO  o.a.tomcat.util.http.parser.Cookie - A cookie header was received [g_state={"i_l":0,"i_ll":1761962380141,"i_b":"Gfn1EG2nyF/Kf52WhZUhGlDs1MljjBhh1r+jKETh+B4","i_t":1762027889487}] that contained an invalid cookie. That cookie will be ignored.
 Note: further occurrences of this error will be logged at DEBUG level.
2025-12-15 15:10:31.159 [http-nio-8080-exec-1] INFO  o.a.c.c.C.[Tomcat].[localhost].[/] - Initializing Spring DispatcherServlet 'dispatcherServlet'
2025-12-15 15:10:31.160 [http-nio-8080-exec-1] INFO  o.s.web.servlet.DispatcherServlet - Initializing Servlet 'dispatcherServlet'
2025-12-15 15:10:31.165 [http-nio-8080-exec-1] INFO  o.s.web.servlet.DispatcherServlet - Completed initialization in 4 ms
2025-12-15 15:10:31.300 [http-nio-8080-exec-1] INFO  c.w.f.controller.WeatherController - Searching for city: H‡ N?i
2025-12-15 15:13:15.334 [http-nio-8080-exec-7] INFO  c.w.f.controller.WeatherController - API request for chart data for city: H‡ N?i
2025-12-15 15:13:29.906 [http-nio-8080-exec-2] INFO  c.w.f.controller.WeatherController - API request for chart data for city: BÏnh ??nh
2025-12-15 15:14:26.885 [http-nio-8080-exec-3] INFO  c.w.f.controller.WeatherController - Searching for city: H‡ N?i
2025-12-15 15:22:55.399 [SpringApplicationShutdownHook] INFO  o.s.o.j.LocalContainerEntityManagerFactoryBean - Closing JPA EntityManagerFactory for persistence unit 'default'
2025-12-15 15:22:55.453 [SpringApplicationShutdownHook] INFO  com.zaxxer.hikari.HikariDataSource - HikariPool-1 - Shutdown initiated...
2025-12-15 15:22:55.519 [SpringApplicationShutdownHook] INFO  com.zaxxer.hikari.HikariDataSource - HikariPool-1 - Shutdown completed.
